<?xml version="1.0" encoding="UTF-8"?>
<!-- Generated by org.testng.reporters.JUnitReportReporter -->
<testsuite hostname="DESKTOP-2I544G5" failures="0" tests="6" name="runner.run" time="105.844" errors="0" timestamp="2024-07-29T12:33:25 IST" skipped="0">
  <testcase classname="runner.run" name="runScenario" time="18.049">
    <system-out>
      <![CDATA[Stock-000002526====Stock-000002526]]>
    </system-out>
  </testcase> <!-- runScenario -->
  <testcase classname="runner.run" name="runScenario" time="17.885">
    <system-out>
      <![CDATA[Supplier-00000004417======Supplier-00000004417]]>
    </system-out>
  </testcase> <!-- runScenario -->
  <testcase classname="runner.run" name="runScenario" time="17.104">
    <system-out>
      <![CDATA[Customer-00000009342======Customer-00000009342]]>
    </system-out>
  </testcase> <!-- runScenario -->
  <testcase classname="runner.run" name="runScenario" time="20.330">
    <system-out>
      <![CDATA[Customer-00000009343======Customer-00000009343]]>
    </system-out>
  </testcase> <!-- runScenario -->
  <testcase classname="runner.run" name="runScenario" time="15.708">
    <system-out>
      <![CDATA[Stock-000002527====Stock-000002527]]>
    </system-out>
  </testcase> <!-- runScenario -->
  <testcase classname="runner.run" name="runScenario" time="16.768">
    <system-out>
      <![CDATA[Supplier-00000004418======Supplier-00000004418]]>
    </system-out>
  </testcase> <!-- runScenario -->
  <system-out>
    <![CDATA[Supplier-00000004417======Supplier-00000004417
Supplier-00000004418======Supplier-00000004418
Customer-00000009342======Customer-00000009342
Customer-00000009343======Customer-00000009343
Stock-000002526====Stock-000002526
Stock-000002527====Stock-000002527]]>
  </system-out>
</testsuite> <!-- runner.run -->
